e:\flash\kyle\fallclass20\fallclass20\advc++itse2331\assignments\week14\assignment14chap20\assignment14chap20\debug\vc142.pdb
e:\flash\kyle\fallclass20\fallclass20\advc++itse2331\assignments\week14\assignment14chap20\assignment14chap20\debug\vc142.idb
e:\flash\kyle\fallclass20\fallclass20\advc++itse2331\assignments\week14\assignment14chap20\assignment14chap20\debug\listnode.obj
e:\flash\kyle\fallclass20\fallclass20\advc++itse2331\assignments\week14\assignment14chap20\assignment14chap20\debug\list.obj
e:\flash\kyle\fallclass20\fallclass20\advc++itse2331\assignments\week14\assignment14chap20\assignment14chap20\debug\assignment14chap20.obj
e:\flash\kyle\fallclass20\fallclass20\advc++itse2331\assignments\week14\assignment14chap20\assignment14chap20\debug\assignment14chap20.exe
e:\flash\kyle\fallclass20\fallclass20\advc++itse2331\assignments\week14\assignment14chap20\assignment14chap20\debug\assignment14chap20.ilk
e:\flash\kyle\fallclass20\fallclass20\advc++itse2331\assignments\week14\assignment14chap20\assignment14chap20\debug\assignment14chap20.pdb
d:\flash\kyle\fallclass20\fallclass20\advc++itse2331\assignments\week14\assignment14chap20\assignment14chap20\debug\listnode.obj
d:\flash\kyle\fallclass20\fallclass20\advc++itse2331\assignments\week14\assignment14chap20\assignment14chap20\debug\list.obj
d:\flash\kyle\fallclass20\fallclass20\advc++itse2331\assignments\week14\assignment14chap20\assignment14chap20\debug\assignment14chap20.obj
d:\flash\kyle\fallclass20\fallclass20\advc++itse2331\assignments\week14\assignment14chap20\assignment14chap20\debug\assignment14chap20.ilk
d:\flash\kyle\fallclass20\fallclass20\advc++itse2331\assignments\week14\assignment14chap20\assignment14chap20\debug\vc142.idb
d:\flash\kyle\fallclass20\fallclass20\advc++itse2331\assignments\week14\assignment14chap20\assignment14chap20\debug\vc142.pdb
d:\flash\kyle\fallclass20\fallclass20\advc++itse2331\assignments\week14\assignment14chap20\assignment14chap20\debug\assignment14chap20.pdb
d:\flash\kyle\fallclass20\fallclass20\advc++itse2331\assignments\week14\assignment14chap20\assignment14chap20\debug\assignment14chap20.exe
d:\flash\kyle\fallclass20\fallclass20\advc++itse2331\assignments\week14\assignment14chap20\assignment14chap20\debug\assignme.f2e8ae63.tlog\cl.read.1.tlog
d:\flash\kyle\fallclass20\fallclass20\advc++itse2331\assignments\week14\assignment14chap20\assignment14chap20\debug\assignme.f2e8ae63.tlog\cl.write.1.tlog
d:\flash\kyle\fallclass20\fallclass20\advc++itse2331\assignments\week14\assignment14chap20\assignment14chap20\debug\assignme.f2e8ae63.tlog\cl.command.1.tlog
d:\flash\kyle\fallclass20\fallclass20\advc++itse2331\assignments\week14\assignment14chap20\assignment14chap20\debug\assignme.f2e8ae63.tlog\link.read.1.tlog
d:\flash\kyle\fallclass20\fallclass20\advc++itse2331\assignments\week14\assignment14chap20\assignment14chap20\debug\assignme.f2e8ae63.tlog\link.write.1.tlog
d:\flash\kyle\fallclass20\fallclass20\advc++itse2331\assignments\week14\assignment14chap20\assignment14chap20\debug\assignme.f2e8ae63.tlog\link.command.1.tlog
